2013/07/06 02:55:16 [error] [php] include(User.php) [<a href='function.include'>function.include</a>]: failed to open stream: No such file or directory (C:\wamp\www\yii\framework\YiiBase.php:421)
Stack trace:
#0 C:\wamp\www\yii\framework\db\ar\CActiveRecord.php(386): spl_autoload_call()
#1 C:\wamp\www\miprimeryii\protected\controllers\HolaController.php(7): model()
#2 C:\wamp\www\yii\framework\web\actions\CInlineAction.php(49): HolaController->actionIndex()
#3 C:\wamp\www\yii\framework\web\CController.php(308): CInlineAction->runWithParams()
#4 C:\wamp\www\yii\framework\web\CController.php(286): HolaController->runAction()
#5 C:\wamp\www\yii\framework\web\CController.php(265): HolaController->runActionWithFilters()
#6 C:\wamp\www\yii\framework\web\CWebApplication.php(282): HolaController->run()
#7 C:\wamp\www\yii\framework\web\CWebApplication.php(141): CWebApplication->runController()
#8 C:\wamp\www\yii\framework\base\CApplication.php(169): CWebApplication->processRequest()
#9 C:\wamp\www\miprimeryii\index.php(13): CWebApplication->run()
REQUEST_URI=/miprimeryii/hola/index
in C:\wamp\www\miprimeryii\protected\controllers\HolaController.php (7)
in C:\wamp\www\miprimeryii\index.php (13)
2013/07/06 02:56:41 [error] [system.db.CDbCommand] CDbCommand::fetchAll() failed: SQLSTATE[42S02]: Base table or view not found: 1146 Table 'pruebayii.tbluser' doesn't exist. The SQL statement executed was: SHOW FULL COLUMNS FROM `tbluser`.
in C:\wamp\www\miprimeryii\protected\controllers\HolaController.php (7)
in C:\wamp\www\miprimeryii\index.php (13)
2013/07/06 02:56:41 [error] [exception.CDbException] exception 'CDbException' with message 'The table "tbluser" for active record class "Users" cannot be found in the database.' in C:\wamp\www\yii\framework\db\ar\CActiveRecord.php:2310
Stack trace:
#0 C:\wamp\www\yii\framework\db\ar\CActiveRecord.php(387): CActiveRecordMetaData->__construct(Object(Users))
#1 C:\wamp\www\miprimeryii\protected\controllers\HolaController.php(7): CActiveRecord::model('Users')
#2 C:\wamp\www\yii\framework\web\actions\CInlineAction.php(49): HolaController->actionIndex()
#3 C:\wamp\www\yii\framework\web\CController.php(308): CInlineAction->runWithParams(Array)
#4 C:\wamp\www\yii\framework\web\CController.php(286): CController->runAction(Object(CInlineAction))
#5 C:\wamp\www\yii\framework\web\CController.php(265): CController->runActionWithFilters(Object(CInlineAction), Array)
#6 C:\wamp\www\yii\framework\web\CWebApplication.php(282): CController->run('index')
#7 C:\wamp\www\yii\framework\web\CWebApplication.php(141): CWebApplication->runController('hola/index')
#8 C:\wamp\www\yii\framework\base\CApplication.php(169): CWebApplication->processRequest()
#9 C:\wamp\www\miprimeryii\index.php(13): CApplication->run()
#10 {main}
REQUEST_URI=/miprimeryii/hola/index
---
2013/07/07 01:33:07 [error] [exception.CHttpException.404] exception 'CHttpException' with message 'Unable to resolve the request "GII".' in C:\wamp\www\yii\framework\web\CWebApplication.php:286
Stack trace:
#0 C:\wamp\www\yii\framework\web\CWebApplication.php(141): CWebApplication->runController('GII')
#1 C:\wamp\www\yii\framework\base\CApplication.php(169): CWebApplication->processRequest()
#2 C:\wamp\www\miprimeryii\index.php(13): CApplication->run()
#3 {main}
REQUEST_URI=/miprimeryii/GII
---
